<?xml version="1.0" encoding="UTF-8"?>
<!-- Generated by org.testng.reporters.JUnitXMLReporter -->
<testsuite hostname="WIN-GLF10487UOQ" failures="1" tests="2" name="Test" time="4.957" errors="0" timestamp="17 Oct 2022 20:23:24 GMT">
  <testcase classname="com.sddevops.BeautyMasks.eclipse.NewTest" name="checkTitle1" time="0.556">
    <failure type="java.lang.AssertionError" message="expected [Product List] but found [Apache Tomcat/8.0.36 - Error report]">
      <![CDATA[java.lang.AssertionError: expected [Product List] but found [Apache Tomcat/8.0.36 - Error report]
	at com.sddevops.BeautyMasks.eclipse.NewTest.checkTitle1(NewTest.java:28)
... Removed 30 stack frames]]>
    </failure>
  </testcase> <!-- checkTitle1 -->
  <testcase classname="com.sddevops.BeautyMasks.eclipse.NewTest" name="checkTitle2" time="1.386"/>
</testsuite> <!-- Test -->
