<?xml version="1.0" encoding="UTF-8"?>
<testng-results total="2" passed="2" failed="0" skipped="0">
  <reporter-output>
  </reporter-output>
  <suite started-at="2022-10-17T19:15:34Z" name="Default suite" finished-at="2022-10-17T19:15:42Z" duration-ms="7836">
    <groups>
    </groups>
    <test started-at="2022-10-17T19:15:34Z" name="Default test" finished-at="2022-10-17T19:15:42Z" duration-ms="7836">
      <class name="com.sddevops.BeautyMasks.eclipse.NewTest">
        <test-method is-config="true" signature="beforeTest()[pri:0, instance:com.sddevops.BeautyMasks.eclipse.NewTest@2a22ad2b]" started-at="2022-10-17T12:15:34Z" name="beforeTest" finished-at="2022-10-17T12:15:40Z" duration-ms="5871" status="PASS">
          <reporter-output>
          </reporter-output>
        </test-method> <!-- beforeTest -->
        <test-method signature="checkTitle1()[pri:0, instance:com.sddevops.BeautyMasks.eclipse.NewTest@2a22ad2b]" started-at="2022-10-17T12:15:40Z" name="checkTitle1" finished-at="2022-10-17T12:15:42Z" duration-ms="1480" status="PASS">
          <reporter-output>
          </reporter-output>
        </test-method> <!-- checkTitle1 -->
        <test-method signature="checkTitle2()[pri:0, instance:com.sddevops.BeautyMasks.eclipse.NewTest@2a22ad2b]" started-at="2022-10-17T12:15:42Z" name="checkTitle2" finished-at="2022-10-17T12:15:42Z" duration-ms="378" status="PASS">
          <reporter-output>
          </reporter-output>
        </test-method> <!-- checkTitle2 -->
        <test-method is-config="true" signature="afterTest()[pri:0, instance:com.sddevops.BeautyMasks.eclipse.NewTest@2a22ad2b]" started-at="2022-10-17T12:15:42Z" name="afterTest" finished-at="2022-10-17T12:15:42Z" duration-ms="0" status="PASS">
          <reporter-output>
          </reporter-output>
        </test-method> <!-- afterTest -->
      </class> <!-- com.sddevops.BeautyMasks.eclipse.NewTest -->
    </test> <!-- Default test -->
  </suite> <!-- Default suite -->
</testng-results>
